<?xml version="1.0" encoding="UTF-8"?>
<testng-results skipped="0" failed="0" ignored="0" total="1" passed="1">
  <reporter-output>
  </reporter-output>
  <suite name="Default suite" duration-ms="23658" started-at="2020-07-24T16:30:15 CEST" finished-at="2020-07-24T16:30:39 CEST">
    <groups>
    </groups>
    <test name="Default test" duration-ms="23658" started-at="2020-07-24T16:30:15 CEST" finished-at="2020-07-24T16:30:39 CEST">
      <class name="Formation_CAIT.Selenium_Webdriver.ADD_SKILLS">
        <test-method status="PASS" signature="Chrome_Options()[pri:0, instance:Formation_CAIT.Selenium_Webdriver.ADD_SKILLS@9660f4e]" name="Chrome_Options" is-config="true" duration-ms="3804" started-at="2020-07-24T16:30:15 CEST" finished-at="2020-07-24T16:30:19 CEST">
          <reporter-output>
          </reporter-output>
        </test-method> <!-- Chrome_Options -->
        <test-method status="PASS" signature="AjouterCompetence()[pri:0, instance:Formation_CAIT.Selenium_Webdriver.ADD_SKILLS@9660f4e]" name="AjouterCompetence" duration-ms="19828" started-at="2020-07-24T16:30:19 CEST" finished-at="2020-07-24T16:30:39 CEST">
          <reporter-output>
          </reporter-output>
        </test-method> <!-- AjouterCompetence -->
      </class> <!-- Formation_CAIT.Selenium_Webdriver.ADD_SKILLS -->
    </test> <!-- Default test -->
  </suite> <!-- Default suite -->
</testng-results>
