<?xml version="1.0" encoding="UTF-8"?>
<testng-results ignored="0" total="1" passed="1" failed="0" skipped="0">
  <reporter-output>
  </reporter-output>
  <suite started-at="2020-07-27T12:35:07 CEST" name="Default suite" finished-at="2020-07-27T12:35:54 CEST" duration-ms="47246">
    <groups>
    </groups>
    <test started-at="2020-07-27T12:35:07 CEST" name="Default test" finished-at="2020-07-27T12:35:54 CEST" duration-ms="47246">
      <class name="Formation_CAIT.Selenium_Webdriver.TestSignOnOrangeHRM">
        <test-method is-config="true" signature="Chrome_Options()[pri:0, instance:Formation_CAIT.Selenium_Webdriver.TestSignOnOrangeHRM@233fe9b6]" started-at="2020-07-27T12:35:07 CEST" name="Chrome_Options" finished-at="2020-07-27T12:35:14 CEST" duration-ms="7348" status="PASS">
          <reporter-output>
          </reporter-output>
        </test-method> <!-- Chrome_Options -->
        <test-method signature="ConnectAccount()[pri:0, instance:Formation_CAIT.Selenium_Webdriver.TestSignOnOrangeHRM@233fe9b6]" started-at="2020-07-27T12:35:14 CEST" name="ConnectAccount" finished-at="2020-07-27T12:35:54 CEST" duration-ms="39676" status="PASS">
          <reporter-output>
          </reporter-output>
        </test-method> <!-- ConnectAccount -->
      </class> <!-- Formation_CAIT.Selenium_Webdriver.TestSignOnOrangeHRM -->
    </test> <!-- Default test -->
  </suite> <!-- Default suite -->
</testng-results>
